
*** Running vivado
    with args -log design_1_axis_subset_converter_0_0.vds -m64 -product Vivado -mode batch -messageDb vivado.pb -notrace -source design_1_axis_subset_converter_0_0.tcl



****** Vivado v2021.2 (64-bit)
  **** SW Build 3367213 on Tue Oct 19 02:48:09 MDT 2021
  **** IP Build 3369179 on Thu Oct 21 08:25:16 MDT 2021
    ** Copyright 1986-2021 Xilinx, Inc. All Rights Reserved.

source design_1_axis_subset_converter_0_0.tcl -notrace
INFO: [IP_Flow 19-234] Refreshing IP repositories
INFO: [IP_Flow 19-1700] Loaded user IP repository 'e:/AX7Z035B_2023.1/course_s2_vitis/13_vdma_hdmi_out/Vivado/auto_create_project/my_ip'.
INFO: [IP_Flow 19-1700] Loaded user IP repository 'e:/AX7Z035B_2023.1/course_s2_vitis/21_ov5640_single/Vivado/auto_create_project/my_ip'.
INFO: [IP_Flow 19-2313] Loaded Vivado IP repository 'E:/Vivado/2021.2/data/ip'.
WARNING: [IP_Flow 19-1663] Duplicate IP found for 'digilentinc.com:ip:axi_dynclk:1.0'. The one found in IP location 'e:/AX7Z035B_2023.1/course_s2_vitis/13_vdma_hdmi_out/Vivado/auto_create_project/my_ip/axi_dynclk_v1_0' will take precedence over the same IP in location e:/AX7Z035B_2023.1/course_s2_vitis/21_ov5640_single/Vivado/auto_create_project/my_ip/axi_dynclk_v1_0
WARNING: [IP_Flow 19-1663] Duplicate IP found for 'digilentinc.com:ip:rgb2dvi:1.3'. The one found in IP location 'e:/AX7Z035B_2023.1/course_s2_vitis/13_vdma_hdmi_out/Vivado/auto_create_project/my_ip/rgb2dvi_v1_3' will take precedence over the same IP in location e:/AX7Z035B_2023.1/course_s2_vitis/21_ov5640_single/Vivado/auto_create_project/my_ip/rgb2dvi_v1_3
WARNING: [IP_Flow 19-4830] Duplicate Interface found for 'digilentinc.com:interface:tmds:1.0'. The one found in location 'e:/AX7Z035B_2023.1/course_s2_vitis/13_vdma_hdmi_out/Vivado/auto_create_project/my_ip/tmds_v1_0/tmds.xml' will take precedence over the same Interface in location 'e:/AX7Z035B_2023.1/course_s2_vitis/21_ov5640_single/Vivado/auto_create_project/my_ip/tmds_v1_0/tmds.xml'
Command: synth_design -top design_1_axis_subset_converter_0_0 -part xc7z035ffg676-2 -mode out_of_context
Starting synth_design
Attempting to get a license for feature 'Synthesis' and/or device 'xc7z035'
INFO: [Common 17-349] Got license for feature 'Synthesis' and/or device 'xc7z035'
INFO: [Device 21-403] Loading part xc7z035ffg676-2
INFO: [Synth 8-7079] Multithreading enabled for synth_design using a maximum of 2 processes.
INFO: [Synth 8-7078] Launching helper process for spawning children vivado processes
INFO: [Synth 8-7075] Helper process launched with PID 49980
---------------------------------------------------------------------------------
Starting RTL Elaboration : Time (s): cpu = 00:00:01 ; elapsed = 00:00:03 . Memory (MB): peak = 1450.762 ; gain = 0.000
---------------------------------------------------------------------------------
INFO: [Synth 8-6157] synthesizing module 'design_1_axis_subset_converter_0_0' [e:/Vivado_prj/sdt_v1_ov5640_v2/sdt_v1_ov5640_v2.gen/sources_1/bd/design_1/ip/design_1_axis_subset_converter_0_0/synth/design_1_axis_subset_converter_0_0.v:58]
INFO: [Synth 8-6157] synthesizing module 'top_design_1_axis_subset_converter_0_0' [e:/Vivado_prj/sdt_v1_ov5640_v2/sdt_v1_ov5640_v2.gen/sources_1/bd/design_1/ip/design_1_axis_subset_converter_0_0/hdl/top_design_1_axis_subset_converter_0_0.v:60]
INFO: [Synth 8-6157] synthesizing module 'axis_subset_converter_v1_1_25_core' [e:/Vivado_prj/sdt_v1_ov5640_v2/sdt_v1_ov5640_v2.gen/sources_1/bd/design_1/ipshared/ba57/hdl/axis_subset_converter_v1_1_vl_rfs.v:62]
INFO: [Synth 8-6155] done synthesizing module 'axis_subset_converter_v1_1_25_core' (1#1) [e:/Vivado_prj/sdt_v1_ov5640_v2/sdt_v1_ov5640_v2.gen/sources_1/bd/design_1/ipshared/ba57/hdl/axis_subset_converter_v1_1_vl_rfs.v:62]
INFO: [Synth 8-6157] synthesizing module 'tdata_design_1_axis_subset_converter_0_0' [e:/Vivado_prj/sdt_v1_ov5640_v2/sdt_v1_ov5640_v2.gen/sources_1/bd/design_1/ip/design_1_axis_subset_converter_0_0/hdl/tdata_design_1_axis_subset_converter_0_0.v:48]
INFO: [Synth 8-6155] done synthesizing module 'tdata_design_1_axis_subset_converter_0_0' (2#1) [e:/Vivado_prj/sdt_v1_ov5640_v2/sdt_v1_ov5640_v2.gen/sources_1/bd/design_1/ip/design_1_axis_subset_converter_0_0/hdl/tdata_design_1_axis_subset_converter_0_0.v:48]
INFO: [Synth 8-6157] synthesizing module 'tuser_design_1_axis_subset_converter_0_0' [e:/Vivado_prj/sdt_v1_ov5640_v2/sdt_v1_ov5640_v2.gen/sources_1/bd/design_1/ip/design_1_axis_subset_converter_0_0/hdl/tuser_design_1_axis_subset_converter_0_0.v:48]
INFO: [Synth 8-6155] done synthesizing module 'tuser_design_1_axis_subset_converter_0_0' (3#1) [e:/Vivado_prj/sdt_v1_ov5640_v2/sdt_v1_ov5640_v2.gen/sources_1/bd/design_1/ip/design_1_axis_subset_converter_0_0/hdl/tuser_design_1_axis_subset_converter_0_0.v:48]
INFO: [Synth 8-6157] synthesizing module 'tid_design_1_axis_subset_converter_0_0' [e:/Vivado_prj/sdt_v1_ov5640_v2/sdt_v1_ov5640_v2.gen/sources_1/bd/design_1/ip/design_1_axis_subset_converter_0_0/hdl/tid_design_1_axis_subset_converter_0_0.v:48]
INFO: [Synth 8-6155] done synthesizing module 'tid_design_1_axis_subset_converter_0_0' (4#1) [e:/Vivado_prj/sdt_v1_ov5640_v2/sdt_v1_ov5640_v2.gen/sources_1/bd/design_1/ip/design_1_axis_subset_converter_0_0/hdl/tid_design_1_axis_subset_converter_0_0.v:48]
INFO: [Synth 8-6157] synthesizing module 'tdest_design_1_axis_subset_converter_0_0' [e:/Vivado_prj/sdt_v1_ov5640_v2/sdt_v1_ov5640_v2.gen/sources_1/bd/design_1/ip/design_1_axis_subset_converter_0_0/hdl/tdest_design_1_axis_subset_converter_0_0.v:48]
INFO: [Synth 8-6155] done synthesizing module 'tdest_design_1_axis_subset_converter_0_0' (5#1) [e:/Vivado_prj/sdt_v1_ov5640_v2/sdt_v1_ov5640_v2.gen/sources_1/bd/design_1/ip/design_1_axis_subset_converter_0_0/hdl/tdest_design_1_axis_subset_converter_0_0.v:48]
INFO: [Synth 8-6157] synthesizing module 'tstrb_design_1_axis_subset_converter_0_0' [e:/Vivado_prj/sdt_v1_ov5640_v2/sdt_v1_ov5640_v2.gen/sources_1/bd/design_1/ip/design_1_axis_subset_converter_0_0/hdl/tstrb_design_1_axis_subset_converter_0_0.v:48]
INFO: [Synth 8-6155] done synthesizing module 'tstrb_design_1_axis_subset_converter_0_0' (6#1) [e:/Vivado_prj/sdt_v1_ov5640_v2/sdt_v1_ov5640_v2.gen/sources_1/bd/design_1/ip/design_1_axis_subset_converter_0_0/hdl/tstrb_design_1_axis_subset_converter_0_0.v:48]
INFO: [Synth 8-6157] synthesizing module 'tkeep_design_1_axis_subset_converter_0_0' [e:/Vivado_prj/sdt_v1_ov5640_v2/sdt_v1_ov5640_v2.gen/sources_1/bd/design_1/ip/design_1_axis_subset_converter_0_0/hdl/tkeep_design_1_axis_subset_converter_0_0.v:48]
INFO: [Synth 8-6155] done synthesizing module 'tkeep_design_1_axis_subset_converter_0_0' (7#1) [e:/Vivado_prj/sdt_v1_ov5640_v2/sdt_v1_ov5640_v2.gen/sources_1/bd/design_1/ip/design_1_axis_subset_converter_0_0/hdl/tkeep_design_1_axis_subset_converter_0_0.v:48]
INFO: [Synth 8-6157] synthesizing module 'tlast_design_1_axis_subset_converter_0_0' [e:/Vivado_prj/sdt_v1_ov5640_v2/sdt_v1_ov5640_v2.gen/sources_1/bd/design_1/ip/design_1_axis_subset_converter_0_0/hdl/tlast_design_1_axis_subset_converter_0_0.v:48]
INFO: [Synth 8-6155] done synthesizing module 'tlast_design_1_axis_subset_converter_0_0' (8#1) [e:/Vivado_prj/sdt_v1_ov5640_v2/sdt_v1_ov5640_v2.gen/sources_1/bd/design_1/ip/design_1_axis_subset_converter_0_0/hdl/tlast_design_1_axis_subset_converter_0_0.v:48]
INFO: [Synth 8-6155] done synthesizing module 'top_design_1_axis_subset_converter_0_0' (9#1) [e:/Vivado_prj/sdt_v1_ov5640_v2/sdt_v1_ov5640_v2.gen/sources_1/bd/design_1/ip/design_1_axis_subset_converter_0_0/hdl/top_design_1_axis_subset_converter_0_0.v:60]
INFO: [Synth 8-6155] done synthesizing module 'design_1_axis_subset_converter_0_0' (10#1) [e:/Vivado_prj/sdt_v1_ov5640_v2/sdt_v1_ov5640_v2.gen/sources_1/bd/design_1/ip/design_1_axis_subset_converter_0_0/synth/design_1_axis_subset_converter_0_0.v:58]
WARNING: [Synth 8-7129] Port tid[0] in module tlast_design_1_axis_subset_converter_0_0 is either unconnected or has no load
WARNING: [Synth 8-7129] Port tdata[15] in module tlast_design_1_axis_subset_converter_0_0 is either unconnected or has no load
WARNING: [Synth 8-7129] Port tdata[14] in module tlast_design_1_axis_subset_converter_0_0 is either unconnected or has no load
WARNING: [Synth 8-7129] Port tdata[13] in module tlast_design_1_axis_subset_converter_0_0 is either unconnected or has no load
WARNING: [Synth 8-7129] Port tdata[12] in module tlast_design_1_axis_subset_converter_0_0 is either unconnected or has no load
WARNING: [Synth 8-7129] Port tdata[11] in module tlast_design_1_axis_subset_converter_0_0 is either unconnected or has no load
WARNING: [Synth 8-7129] Port tdata[10] in module tlast_design_1_axis_subset_converter_0_0 is either unconnected or has no load
WARNING: [Synth 8-7129] Port tdata[9] in module tlast_design_1_axis_subset_converter_0_0 is either unconnected or has no load
WARNING: [Synth 8-7129] Port tdata[8] in module tlast_design_1_axis_subset_converter_0_0 is either unconnected or has no load
WARNING: [Synth 8-7129] Port tdata[7] in module tlast_design_1_axis_subset_converter_0_0 is either unconnected or has no load
WARNING: [Synth 8-7129] Port tdata[6] in module tlast_design_1_axis_subset_converter_0_0 is either unconnected or has no load
WARNING: [Synth 8-7129] Port tdata[5] in module tlast_design_1_axis_subset_converter_0_0 is either unconnected or has no load
WARNING: [Synth 8-7129] Port tdata[4] in module tlast_design_1_axis_subset_converter_0_0 is either unconnected or has no load
WARNING: [Synth 8-7129] Port tdata[3] in module tlast_design_1_axis_subset_converter_0_0 is either unconnected or has no load
WARNING: [Synth 8-7129] Port tdata[2] in module tlast_design_1_axis_subset_converter_0_0 is either unconnected or has no load
WARNING: [Synth 8-7129] Port tdata[1] in module tlast_design_1_axis_subset_converter_0_0 is either unconnected or has no load
WARNING: [Synth 8-7129] Port tdata[0] in module tlast_design_1_axis_subset_converter_0_0 is either unconnected or has no load
WARNING: [Synth 8-7129] Port tuser[0] in module tlast_design_1_axis_subset_converter_0_0 is either unconnected or has no load
WARNING: [Synth 8-7129] Port tdest[0] in module tlast_design_1_axis_subset_converter_0_0 is either unconnected or has no load
WARNING: [Synth 8-7129] Port tkeep[1] in module tlast_design_1_axis_subset_converter_0_0 is either unconnected or has no load
WARNING: [Synth 8-7129] Port tkeep[0] in module tlast_design_1_axis_subset_converter_0_0 is either unconnected or has no load
WARNING: [Synth 8-7129] Port tstrb[1] in module tlast_design_1_axis_subset_converter_0_0 is either unconnected or has no load
WARNING: [Synth 8-7129] Port tstrb[0] in module tlast_design_1_axis_subset_converter_0_0 is either unconnected or has no load
WARNING: [Synth 8-7129] Port tdata[15] in module tkeep_design_1_axis_subset_converter_0_0 is either unconnected or has no load
WARNING: [Synth 8-7129] Port tdata[14] in module tkeep_design_1_axis_subset_converter_0_0 is either unconnected or has no load
WARNING: [Synth 8-7129] Port tdata[13] in module tkeep_design_1_axis_subset_converter_0_0 is either unconnected or has no load
WARNING: [Synth 8-7129] Port tdata[12] in module tkeep_design_1_axis_subset_converter_0_0 is either unconnected or has no load
WARNING: [Synth 8-7129] Port tdata[11] in module tkeep_design_1_axis_subset_converter_0_0 is either unconnected or has no load
WARNING: [Synth 8-7129] Port tdata[10] in module tkeep_design_1_axis_subset_converter_0_0 is either unconnected or has no load
WARNING: [Synth 8-7129] Port tdata[9] in module tkeep_design_1_axis_subset_converter_0_0 is either unconnected or has no load
WARNING: [Synth 8-7129] Port tdata[8] in module tkeep_design_1_axis_subset_converter_0_0 is either unconnected or has no load
WARNING: [Synth 8-7129] Port tdata[7] in module tkeep_design_1_axis_subset_converter_0_0 is either unconnected or has no load
WARNING: [Synth 8-7129] Port tdata[6] in module tkeep_design_1_axis_subset_converter_0_0 is either unconnected or has no load
WARNING: [Synth 8-7129] Port tdata[5] in module tkeep_design_1_axis_subset_converter_0_0 is either unconnected or has no load
WARNING: [Synth 8-7129] Port tdata[4] in module tkeep_design_1_axis_subset_converter_0_0 is either unconnected or has no load
WARNING: [Synth 8-7129] Port tdata[3] in module tkeep_design_1_axis_subset_converter_0_0 is either unconnected or has no load
WARNING: [Synth 8-7129] Port tdata[2] in module tkeep_design_1_axis_subset_converter_0_0 is either unconnected or has no load
WARNING: [Synth 8-7129] Port tdata[1] in module tkeep_design_1_axis_subset_converter_0_0 is either unconnected or has no load
WARNING: [Synth 8-7129] Port tdata[0] in module tkeep_design_1_axis_subset_converter_0_0 is either unconnected or has no load
WARNING: [Synth 8-7129] Port tuser[0] in module tkeep_design_1_axis_subset_converter_0_0 is either unconnected or has no load
WARNING: [Synth 8-7129] Port tid[0] in module tkeep_design_1_axis_subset_converter_0_0 is either unconnected or has no load
WARNING: [Synth 8-7129] Port tdest[0] in module tkeep_design_1_axis_subset_converter_0_0 is either unconnected or has no load
WARNING: [Synth 8-7129] Port tstrb[1] in module tkeep_design_1_axis_subset_converter_0_0 is either unconnected or has no load
WARNING: [Synth 8-7129] Port tstrb[0] in module tkeep_design_1_axis_subset_converter_0_0 is either unconnected or has no load
WARNING: [Synth 8-7129] Port tlast in module tkeep_design_1_axis_subset_converter_0_0 is either unconnected or has no load
WARNING: [Synth 8-7129] Port tdata[15] in module tstrb_design_1_axis_subset_converter_0_0 is either unconnected or has no load
WARNING: [Synth 8-7129] Port tdata[14] in module tstrb_design_1_axis_subset_converter_0_0 is either unconnected or has no load
WARNING: [Synth 8-7129] Port tdata[13] in module tstrb_design_1_axis_subset_converter_0_0 is either unconnected or has no load
WARNING: [Synth 8-7129] Port tdata[12] in module tstrb_design_1_axis_subset_converter_0_0 is either unconnected or has no load
WARNING: [Synth 8-7129] Port tdata[11] in module tstrb_design_1_axis_subset_converter_0_0 is either unconnected or has no load
WARNING: [Synth 8-7129] Port tdata[10] in module tstrb_design_1_axis_subset_converter_0_0 is either unconnected or has no load
WARNING: [Synth 8-7129] Port tdata[9] in module tstrb_design_1_axis_subset_converter_0_0 is either unconnected or has no load
WARNING: [Synth 8-7129] Port tdata[8] in module tstrb_design_1_axis_subset_converter_0_0 is either unconnected or has no load
WARNING: [Synth 8-7129] Port tdata[7] in module tstrb_design_1_axis_subset_converter_0_0 is either unconnected or has no load
WARNING: [Synth 8-7129] Port tdata[6] in module tstrb_design_1_axis_subset_converter_0_0 is either unconnected or has no load
WARNING: [Synth 8-7129] Port tdata[5] in module tstrb_design_1_axis_subset_converter_0_0 is either unconnected or has no load
WARNING: [Synth 8-7129] Port tdata[4] in module tstrb_design_1_axis_subset_converter_0_0 is either unconnected or has no load
WARNING: [Synth 8-7129] Port tdata[3] in module tstrb_design_1_axis_subset_converter_0_0 is either unconnected or has no load
WARNING: [Synth 8-7129] Port tdata[2] in module tstrb_design_1_axis_subset_converter_0_0 is either unconnected or has no load
WARNING: [Synth 8-7129] Port tdata[1] in module tstrb_design_1_axis_subset_converter_0_0 is either unconnected or has no load
WARNING: [Synth 8-7129] Port tdata[0] in module tstrb_design_1_axis_subset_converter_0_0 is either unconnected or has no load
WARNING: [Synth 8-7129] Port tuser[0] in module tstrb_design_1_axis_subset_converter_0_0 is either unconnected or has no load
WARNING: [Synth 8-7129] Port tid[0] in module tstrb_design_1_axis_subset_converter_0_0 is either unconnected or has no load
WARNING: [Synth 8-7129] Port tdest[0] in module tstrb_design_1_axis_subset_converter_0_0 is either unconnected or has no load
WARNING: [Synth 8-7129] Port tkeep[1] in module tstrb_design_1_axis_subset_converter_0_0 is either unconnected or has no load
WARNING: [Synth 8-7129] Port tkeep[0] in module tstrb_design_1_axis_subset_converter_0_0 is either unconnected or has no load
WARNING: [Synth 8-7129] Port tstrb[1] in module tstrb_design_1_axis_subset_converter_0_0 is either unconnected or has no load
WARNING: [Synth 8-7129] Port tstrb[0] in module tstrb_design_1_axis_subset_converter_0_0 is either unconnected or has no load
WARNING: [Synth 8-7129] Port tlast in module tstrb_design_1_axis_subset_converter_0_0 is either unconnected or has no load
WARNING: [Synth 8-7129] Port tdata[15] in module tdest_design_1_axis_subset_converter_0_0 is either unconnected or has no load
WARNING: [Synth 8-7129] Port tdata[14] in module tdest_design_1_axis_subset_converter_0_0 is either unconnected or has no load
WARNING: [Synth 8-7129] Port tdata[13] in module tdest_design_1_axis_subset_converter_0_0 is either unconnected or has no load
WARNING: [Synth 8-7129] Port tdata[12] in module tdest_design_1_axis_subset_converter_0_0 is either unconnected or has no load
WARNING: [Synth 8-7129] Port tdata[11] in module tdest_design_1_axis_subset_converter_0_0 is either unconnected or has no load
WARNING: [Synth 8-7129] Port tdata[10] in module tdest_design_1_axis_subset_converter_0_0 is either unconnected or has no load
WARNING: [Synth 8-7129] Port tdata[9] in module tdest_design_1_axis_subset_converter_0_0 is either unconnected or has no load
WARNING: [Synth 8-7129] Port tdata[8] in module tdest_design_1_axis_subset_converter_0_0 is either unconnected or has no load
WARNING: [Synth 8-7129] Port tdata[7] in module tdest_design_1_axis_subset_converter_0_0 is either unconnected or has no load
WARNING: [Synth 8-7129] Port tdata[6] in module tdest_design_1_axis_subset_converter_0_0 is either unconnected or has no load
WARNING: [Synth 8-7129] Port tdata[5] in module tdest_design_1_axis_subset_converter_0_0 is either unconnected or has no load
WARNING: [Synth 8-7129] Port tdata[4] in module tdest_design_1_axis_subset_converter_0_0 is either unconnected or has no load
WARNING: [Synth 8-7129] Port tdata[3] in module tdest_design_1_axis_subset_converter_0_0 is either unconnected or has no load
WARNING: [Synth 8-7129] Port tdata[2] in module tdest_design_1_axis_subset_converter_0_0 is either unconnected or has no load
WARNING: [Synth 8-7129] Port tdata[1] in module tdest_design_1_axis_subset_converter_0_0 is either unconnected or has no load
WARNING: [Synth 8-7129] Port tdata[0] in module tdest_design_1_axis_subset_converter_0_0 is either unconnected or has no load
WARNING: [Synth 8-7129] Port tuser[0] in module tdest_design_1_axis_subset_converter_0_0 is either unconnected or has no load
WARNING: [Synth 8-7129] Port tid[0] in module tdest_design_1_axis_subset_converter_0_0 is either unconnected or has no load
WARNING: [Synth 8-7129] Port tdest[0] in module tdest_design_1_axis_subset_converter_0_0 is either unconnected or has no load
WARNING: [Synth 8-7129] Port tkeep[1] in module tdest_design_1_axis_subset_converter_0_0 is either unconnected or has no load
WARNING: [Synth 8-7129] Port tkeep[0] in module tdest_design_1_axis_subset_converter_0_0 is either unconnected or has no load
WARNING: [Synth 8-7129] Port tstrb[1] in module tdest_design_1_axis_subset_converter_0_0 is either unconnected or has no load
WARNING: [Synth 8-7129] Port tstrb[0] in module tdest_design_1_axis_subset_converter_0_0 is either unconnected or has no load
WARNING: [Synth 8-7129] Port tlast in module tdest_design_1_axis_subset_converter_0_0 is either unconnected or has no load
WARNING: [Synth 8-7129] Port tid[0] in module tid_design_1_axis_subset_converter_0_0 is either unconnected or has no load
WARNING: [Synth 8-7129] Port tdata[15] in module tid_design_1_axis_subset_converter_0_0 is either unconnected or has no load
WARNING: [Synth 8-7129] Port tdata[14] in module tid_design_1_axis_subset_converter_0_0 is either unconnected or has no load
WARNING: [Synth 8-7129] Port tdata[13] in module tid_design_1_axis_subset_converter_0_0 is either unconnected or has no load
WARNING: [Synth 8-7129] Port tdata[12] in module tid_design_1_axis_subset_converter_0_0 is either unconnected or has no load
WARNING: [Synth 8-7129] Port tdata[11] in module tid_design_1_axis_subset_converter_0_0 is either unconnected or has no load
WARNING: [Synth 8-7129] Port tdata[10] in module tid_design_1_axis_subset_converter_0_0 is either unconnected or has no load
INFO: [Common 17-14] Message 'Synth 8-7129' appears 100 times and further instances of the messages will be disabled. Use the Tcl command set_msg_config to change the current settings.
---------------------------------------------------------------------------------
Finished RTL Elaboration : Time (s): cpu = 00:00:02 ; elapsed = 00:00:03 . Memory (MB): peak = 1450.762 ; gain = 0.000
---------------------------------------------------------------------------------
---------------------------------------------------------------------------------
Start Handling Custom Attributes
---------------------------------------------------------------------------------
---------------------------------------------------------------------------------
Finished Handling Custom Attributes : Time (s): cpu = 00:00:02 ; elapsed = 00:00:04 . Memory (MB): peak = 1450.762 ; gain = 0.000
---------------------------------------------------------------------------------
---------------------------------------------------------------------------------
Finished RTL Optimization Phase 1 : Time (s): cpu = 00:00:02 ; elapsed = 00:00:04 . Memory (MB): peak = 1450.762 ; gain = 0.000
---------------------------------------------------------------------------------
Netlist sorting complete. Time (s): cpu = 00:00:00 ; elapsed = 00:00:00.001 . Memory (MB): peak = 1450.762 ; gain = 0.000
INFO: [Project 1-570] Preparing netlist for logic optimization

Processing XDC Constraints
Initializing timing engine
Parsing XDC File [e:/Vivado_prj/sdt_v1_ov5640_v2/sdt_v1_ov5640_v2.gen/sources_1/bd/design_1/ip/design_1_axis_subset_converter_0_0/design_1_axis_subset_converter_0_0_ooc.xdc] for cell 'inst'
Finished Parsing XDC File [e:/Vivado_prj/sdt_v1_ov5640_v2/sdt_v1_ov5640_v2.gen/sources_1/bd/design_1/ip/design_1_axis_subset_converter_0_0/design_1_axis_subset_converter_0_0_ooc.xdc] for cell 'inst'
Parsing XDC File [E:/Vivado_prj/sdt_v1_ov5640_v2/sdt_v1_ov5640_v2.runs/design_1_axis_subset_converter_0_0_synth_1/dont_touch.xdc]
Finished Parsing XDC File [E:/Vivado_prj/sdt_v1_ov5640_v2/sdt_v1_ov5640_v2.runs/design_1_axis_subset_converter_0_0_synth_1/dont_touch.xdc]
Completed Processing XDC Constraints

Netlist sorting complete. Time (s): cpu = 00:00:00 ; elapsed = 00:00:00 . Memory (MB): peak = 1450.762 ; gain = 0.000
INFO: [Project 1-111] Unisim Transformation Summary:
No Unisim elements were transformed.

Constraint Validation Runtime : Time (s): cpu = 00:00:00 ; elapsed = 00:00:00.008 . Memory (MB): peak = 1451.125 ; gain = 0.363
---------------------------------------------------------------------------------
Finished Constraint Validation : Time (s): cpu = 00:00:04 ; elapsed = 00:00:07 . Memory (MB): peak = 1451.125 ; gain = 0.363
---------------------------------------------------------------------------------
---------------------------------------------------------------------------------
Start Loading Part and Timing Information
---------------------------------------------------------------------------------
Loading part: xc7z035ffg676-2
---------------------------------------------------------------------------------
Finished Loading Part and Timing Information : Time (s): cpu = 00:00:04 ; elapsed = 00:00:07 . Memory (MB): peak = 1451.125 ; gain = 0.363
---------------------------------------------------------------------------------
---------------------------------------------------------------------------------
Start Applying 'set_property' XDC Constraints
---------------------------------------------------------------------------------
Applied set_property KEEP_HIERARCHY = SOFT for inst. (constraint file  E:/Vivado_prj/sdt_v1_ov5640_v2/sdt_v1_ov5640_v2.runs/design_1_axis_subset_converter_0_0_synth_1/dont_touch.xdc, line 9).
---------------------------------------------------------------------------------
Finished applying 'set_property' XDC Constraints : Time (s): cpu = 00:00:04 ; elapsed = 00:00:07 . Memory (MB): peak = 1451.125 ; gain = 0.363
---------------------------------------------------------------------------------
---------------------------------------------------------------------------------
Finished RTL Optimization Phase 2 : Time (s): cpu = 00:00:04 ; elapsed = 00:00:07 . Memory (MB): peak = 1451.125 ; gain = 0.363
---------------------------------------------------------------------------------
---------------------------------------------------------------------------------
Start RTL Component Statistics 
---------------------------------------------------------------------------------
Detailed RTL Component Info : 
---------------------------------------------------------------------------------
Finished RTL Component Statistics 
---------------------------------------------------------------------------------
---------------------------------------------------------------------------------
Start Part Resource Summary
---------------------------------------------------------------------------------
Part Resources:
DSPs: 900 (col length:140)
BRAMs: 1000 (col length: RAMB18 140 RAMB36 70)
---------------------------------------------------------------------------------
Finished Part Resource Summary
---------------------------------------------------------------------------------
---------------------------------------------------------------------------------
Start Cross Boundary and Area Optimization
---------------------------------------------------------------------------------
WARNING: [Synth 8-7080] Parallel synthesis criteria is not met
---------------------------------------------------------------------------------
Finished Cross Boundary and Area Optimization : Time (s): cpu = 00:00:04 ; elapsed = 00:00:08 . Memory (MB): peak = 1451.125 ; gain = 0.363
---------------------------------------------------------------------------------
---------------------------------------------------------------------------------
Start Applying XDC Timing Constraints
---------------------------------------------------------------------------------
---------------------------------------------------------------------------------
Finished Applying XDC Timing Constraints : Time (s): cpu = 00:00:05 ; elapsed = 00:00:11 . Memory (MB): peak = 1469.133 ; gain = 18.371
---------------------------------------------------------------------------------
---------------------------------------------------------------------------------
Start Timing Optimization
---------------------------------------------------------------------------------
---------------------------------------------------------------------------------
Finished Timing Optimization : Time (s): cpu = 00:00:05 ; elapsed = 00:00:11 . Memory (MB): peak = 1469.133 ; gain = 18.371
---------------------------------------------------------------------------------
---------------------------------------------------------------------------------
Start Technology Mapping
---------------------------------------------------------------------------------
---------------------------------------------------------------------------------
Finished Technology Mapping : Time (s): cpu = 00:00:05 ; elapsed = 00:00:11 . Memory (MB): peak = 1488.258 ; gain = 37.496
---------------------------------------------------------------------------------
---------------------------------------------------------------------------------
Start IO Insertion
---------------------------------------------------------------------------------
---------------------------------------------------------------------------------
Start Flattening Before IO Insertion
---------------------------------------------------------------------------------
---------------------------------------------------------------------------------
Finished Flattening Before IO Insertion
---------------------------------------------------------------------------------
---------------------------------------------------------------------------------
Start Final Netlist Cleanup
---------------------------------------------------------------------------------
---------------------------------------------------------------------------------
Finished Final Netlist Cleanup
---------------------------------------------------------------------------------
---------------------------------------------------------------------------------
Finished IO Insertion : Time (s): cpu = 00:00:06 ; elapsed = 00:00:13 . Memory (MB): peak = 1494.992 ; gain = 44.230
---------------------------------------------------------------------------------
---------------------------------------------------------------------------------
Start Renaming Generated Instances
---------------------------------------------------------------------------------
---------------------------------------------------------------------------------
Finished Renaming Generated Instances : Time (s): cpu = 00:00:06 ; elapsed = 00:00:13 . Memory (MB): peak = 1494.992 ; gain = 44.230
---------------------------------------------------------------------------------
---------------------------------------------------------------------------------
Start Rebuilding User Hierarchy
---------------------------------------------------------------------------------
---------------------------------------------------------------------------------
Finished Rebuilding User Hierarchy : Time (s): cpu = 00:00:06 ; elapsed = 00:00:13 . Memory (MB): peak = 1494.992 ; gain = 44.230
---------------------------------------------------------------------------------
---------------------------------------------------------------------------------
Start Renaming Generated Ports
---------------------------------------------------------------------------------
---------------------------------------------------------------------------------
Finished Renaming Generated Ports : Time (s): cpu = 00:00:06 ; elapsed = 00:00:13 . Memory (MB): peak = 1494.992 ; gain = 44.230
---------------------------------------------------------------------------------
---------------------------------------------------------------------------------
Start Handling Custom Attributes
---------------------------------------------------------------------------------
---------------------------------------------------------------------------------
Finished Handling Custom Attributes : Time (s): cpu = 00:00:06 ; elapsed = 00:00:13 . Memory (MB): peak = 1494.992 ; gain = 44.230
---------------------------------------------------------------------------------
---------------------------------------------------------------------------------
Start Renaming Generated Nets
---------------------------------------------------------------------------------
---------------------------------------------------------------------------------
Finished Renaming Generated Nets : Time (s): cpu = 00:00:06 ; elapsed = 00:00:13 . Memory (MB): peak = 1494.992 ; gain = 44.230
---------------------------------------------------------------------------------
---------------------------------------------------------------------------------
Start Writing Synthesis Report
---------------------------------------------------------------------------------

Report BlackBoxes: 
+-+--------------+----------+
| |BlackBox name |Instances |
+-+--------------+----------+
+-+--------------+----------+

Report Cell Usage: 
+-+-----+------+
| |Cell |Count |
+-+-----+------+
+-+-----+------+
---------------------------------------------------------------------------------
Finished Writing Synthesis Report : Time (s): cpu = 00:00:06 ; elapsed = 00:00:13 . Memory (MB): peak = 1494.992 ; gain = 44.230
---------------------------------------------------------------------------------
Synthesis finished with 0 errors, 0 critical warnings and 8 warnings.
Synthesis Optimization Runtime : Time (s): cpu = 00:00:03 ; elapsed = 00:00:12 . Memory (MB): peak = 1494.992 ; gain = 43.867
Synthesis Optimization Complete : Time (s): cpu = 00:00:06 ; elapsed = 00:00:13 . Memory (MB): peak = 1494.992 ; gain = 44.230
INFO: [Project 1-571] Translating synthesized netlist
Netlist sorting complete. Time (s): cpu = 00:00:00 ; elapsed = 00:00:00 . Memory (MB): peak = 1494.992 ; gain = 0.000
INFO: [Project 1-570] Preparing netlist for logic optimization
INFO: [Opt 31-138] Pushed 0 inverter(s) to 0 load pin(s).
Netlist sorting complete. Time (s): cpu = 00:00:00 ; elapsed = 00:00:00 . Memory (MB): peak = 1525.238 ; gain = 0.000
INFO: [Project 1-111] Unisim Transformation Summary:
No Unisim elements were transformed.

Synth Design complete, checksum: 45f203e0
INFO: [Common 17-83] Releasing license: Synthesis
37 Infos, 104 Warnings, 0 Critical Warnings and 0 Errors encountered.
synth_design completed successfully
synth_design: Time (s): cpu = 00:00:08 ; elapsed = 00:00:16 . Memory (MB): peak = 1529.207 ; gain = 78.445
INFO: [Common 17-1381] The checkpoint 'E:/Vivado_prj/sdt_v1_ov5640_v2/sdt_v1_ov5640_v2.runs/design_1_axis_subset_converter_0_0_synth_1/design_1_axis_subset_converter_0_0.dcp' has been generated.
INFO: [Coretcl 2-1648] Added synthesis output to IP cache for IP design_1_axis_subset_converter_0_0, cache-ID = ef79a6e1b14c81db
INFO: [Common 17-1381] The checkpoint 'E:/Vivado_prj/sdt_v1_ov5640_v2/sdt_v1_ov5640_v2.runs/design_1_axis_subset_converter_0_0_synth_1/design_1_axis_subset_converter_0_0.dcp' has been generated.
INFO: [runtcl-4] Executing : report_utilization -file design_1_axis_subset_converter_0_0_utilization_synth.rpt -pb design_1_axis_subset_converter_0_0_utilization_synth.pb
INFO: [Common 17-206] Exiting Vivado at Sat Nov  2 21:59:16 2024...
