17:05:52 INFO  : Launching XSCT server: xsct.bat -n  -interactive E:\Vivado_prj\sdt_v1_ov5640_v2\sdk\temp_xsdb_launch_script.tcl
17:05:52 INFO  : Platform repository initialization has completed.
17:05:52 INFO  : Registering command handlers for Vitis TCF services
17:05:54 INFO  : XSCT server has started successfully.
17:05:54 INFO  : plnx-install-location is set to ''
17:05:54 INFO  : Successfully done setting XSCT server connection channel  
17:05:54 INFO  : Successfully done query RDI_DATADIR 
17:05:54 INFO  : Successfully done setting workspace for the tool. 
17:06:40 INFO  : Result from executing command 'getProjects': plf
17:06:40 INFO  : Result from executing command 'getPlatforms': 
17:09:21 INFO  : Result from executing command 'getProjects': plf
17:09:21 INFO  : Result from executing command 'getPlatforms': plf|E:/Vivado_prj/sdt_v1_ov5640_v2/sdk/plf/export/plf/plf.xpfm
17:09:21 INFO  : Checking for BSP changes to sync application flags for project 'app'...
17:09:55 INFO  : Connected to target on host '127.0.0.1' and port '3121'.
17:09:56 INFO  : Jtag cable 'Digilent JTAG-HS1 210512180081' is selected.
17:09:56 INFO  : 'jtag frequency' command is executed.
17:09:56 INFO  : Context for 'APU' is selected.
17:09:56 INFO  : System reset is completed.
17:09:59 INFO  : 'after 3000' command is executed.
17:09:59 INFO  : 'targets -set -filter {jtag_cable_name =~ "Digilent JTAG-HS1 210512180081" && level==0 && jtag_device_ctx=="jsn-JTAG-HS1-210512180081-23732093-0"}' command is executed.
17:10:01 INFO  : Device configured successfully with "E:/Vivado_prj/sdt_v1_ov5640_v2/sdk/app/_ide/bitstream/design_1_wrapper.bit"
17:10:02 INFO  : Context for 'APU' is selected.
17:10:02 INFO  : Hardware design and registers information is loaded from 'E:/Vivado_prj/sdt_v1_ov5640_v2/sdk/plf/export/plf/hw/design_1_wrapper.xsa'.
17:10:02 INFO  : 'configparams force-mem-access 1' command is executed.
17:10:02 INFO  : Context for 'APU' is selected.
17:10:02 INFO  : Sourcing of 'E:/Vivado_prj/sdt_v1_ov5640_v2/sdk/app/_ide/psinit/ps7_init.tcl' is done.
17:10:02 INFO  : 'ps7_init' command is executed.
17:10:02 INFO  : 'ps7_post_config' command is executed.
17:10:02 INFO  : Context for processor 'ps7_cortexa9_0' is selected.
17:10:06 INFO  : The application 'E:/Vivado_prj/sdt_v1_ov5640_v2/sdk/app/Debug/app.elf' is downloaded to processor 'ps7_cortexa9_0'.
17:10:06 INFO  : 'configparams force-mem-access 0' command is executed.
17:10:06 INFO  : ----------------XSDB Script----------------
connect -url tcp:127.0.0.1:3121
targets -set -nocase -filter {name =~"APU*"}
rst -system
after 3000
targets -set -filter {jtag_cable_name =~ "Digilent JTAG-HS1 210512180081" && level==0 && jtag_device_ctx=="jsn-JTAG-HS1-210512180081-23732093-0"}
fpga -file E:/Vivado_prj/sdt_v1_ov5640_v2/sdk/app/_ide/bitstream/design_1_wrapper.bit
targets -set -nocase -filter {name =~"APU*"}
loadhw -hw E:/Vivado_prj/sdt_v1_ov5640_v2/sdk/plf/export/plf/hw/design_1_wrapper.xsa -mem-ranges [list {0x40000000 0xbfffffff}] -regs
configparams force-mem-access 1
targets -set -nocase -filter {name =~"APU*"}
source E:/Vivado_prj/sdt_v1_ov5640_v2/sdk/app/_ide/psinit/ps7_init.tcl
ps7_init
ps7_post_config
targets -set -nocase -filter {name =~ "*A9*#0"}
dow E:/Vivado_prj/sdt_v1_ov5640_v2/sdk/app/Debug/app.elf
configparams force-mem-access 0
----------------End of Script----------------

17:10:06 INFO  : Context for processor 'ps7_cortexa9_0' is selected.
17:10:06 INFO  : 'con' command is executed.
17:10:06 INFO  : ----------------XSDB Script (After Launch)----------------
targets -set -nocase -filter {name =~ "*A9*#0"}
con
----------------End of Script----------------

17:10:06 INFO  : Launch script is exported to file 'E:\Vivado_prj\sdt_v1_ov5640_v2\sdk\app_system\_ide\scripts\systemdebugger_app_system_standalone.tcl'
21:35:10 INFO  : Disconnected from the channel tcfchan#2.
21:35:57 INFO  : Launching XSCT server: xsct.bat -n  -interactive E:\Vivado_prj\sdt_v1_ov5640_v2\sdk\temp_xsdb_launch_script.tcl
21:35:59 INFO  : Platform repository initialization has completed.
21:35:59 INFO  : XSCT server has started successfully.
21:35:59 INFO  : Successfully done setting XSCT server connection channel  
21:35:59 INFO  : plnx-install-location is set to ''
21:35:59 INFO  : Successfully done setting workspace for the tool. 
21:36:01 INFO  : Successfully done query RDI_DATADIR 
21:36:01 INFO  : Registering command handlers for Vitis TCF services
21:36:21 INFO  : Hardware specification for platform project 'plf' is updated.
21:40:14 INFO  : Result from executing command 'getProjects': plf
21:40:14 INFO  : Result from executing command 'getPlatforms': plf|E:/Vivado_prj/sdt_v1_ov5640_v2/sdk/plf/export/plf/plf.xpfm
21:40:14 INFO  : Checking for BSP changes to sync application flags for project 'app'...
21:40:15 INFO  : Updating application flags with new BSP settings...
21:40:15 INFO  : Successfully updated application flags for project app.
21:43:27 INFO  : Checking for BSP changes to sync application flags for project 'app'...
21:43:54 INFO  : Hardware specification for platform project 'plf' is updated.
21:45:20 INFO  : Result from executing command 'getProjects': plf
21:45:20 INFO  : Result from executing command 'getPlatforms': plf|E:/Vivado_prj/sdt_v1_ov5640_v2/sdk/plf/export/plf/plf.xpfm
21:45:20 INFO  : Checking for BSP changes to sync application flags for project 'app'...
21:45:22 INFO  : The hardware specification used by project 'app' is out of sync with the platform. Resource files extracted from the hardware specification will be updated.
21:45:22 INFO  : The file 'E:\Vivado_prj\sdt_v1_ov5640_v2\sdk\app\_ide\bitstream\design_1_wrapper.bit' stored in project is removed.
21:45:22 INFO  : The updated bitstream files are copied from platform to folder 'E:\Vivado_prj\sdt_v1_ov5640_v2\sdk\app\_ide\bitstream' in project 'app'.
21:45:22 INFO  : The file 'E:\Vivado_prj\sdt_v1_ov5640_v2\sdk\app\_ide\psinit\ps7_init.tcl' stored in project is removed.
21:45:24 INFO  : The updated ps init files are copied from platform to folder 'E:\Vivado_prj\sdt_v1_ov5640_v2\sdk\app\_ide\psinit' in project 'app'.
21:45:45 INFO  : Checking for BSP changes to sync application flags for project 'app'...
21:45:51 INFO  : Connected to target on host '127.0.0.1' and port '3121'.
21:45:52 INFO  : Jtag cable 'Digilent JTAG-HS1 210512180081' is selected.
21:45:52 INFO  : 'jtag frequency' command is executed.
21:45:52 INFO  : Context for 'APU' is selected.
21:45:52 INFO  : System reset is completed.
21:45:55 INFO  : 'after 3000' command is executed.
21:45:55 INFO  : 'targets -set -filter {jtag_cable_name =~ "Digilent JTAG-HS1 210512180081" && level==0 && jtag_device_ctx=="jsn-JTAG-HS1-210512180081-23732093-0"}' command is executed.
21:45:58 INFO  : Device configured successfully with "E:/Vivado_prj/sdt_v1_ov5640_v2/sdk/app/_ide/bitstream/design_1_wrapper.bit"
21:45:58 INFO  : Context for 'APU' is selected.
21:45:58 INFO  : Hardware design and registers information is loaded from 'E:/Vivado_prj/sdt_v1_ov5640_v2/sdk/plf/export/plf/hw/design_1_wrapper.xsa'.
21:45:58 INFO  : 'configparams force-mem-access 1' command is executed.
21:45:58 INFO  : Context for 'APU' is selected.
21:45:58 INFO  : Sourcing of 'E:/Vivado_prj/sdt_v1_ov5640_v2/sdk/app/_ide/psinit/ps7_init.tcl' is done.
21:45:58 INFO  : 'ps7_init' command is executed.
21:45:58 INFO  : 'ps7_post_config' command is executed.
21:45:58 INFO  : Context for processor 'ps7_cortexa9_0' is selected.
21:46:02 INFO  : The application 'E:/Vivado_prj/sdt_v1_ov5640_v2/sdk/app/Debug/app.elf' is downloaded to processor 'ps7_cortexa9_0'.
21:46:02 INFO  : 'configparams force-mem-access 0' command is executed.
21:46:02 INFO  : ----------------XSDB Script----------------
connect -url tcp:127.0.0.1:3121
targets -set -nocase -filter {name =~"APU*"}
rst -system
after 3000
targets -set -filter {jtag_cable_name =~ "Digilent JTAG-HS1 210512180081" && level==0 && jtag_device_ctx=="jsn-JTAG-HS1-210512180081-23732093-0"}
fpga -file E:/Vivado_prj/sdt_v1_ov5640_v2/sdk/app/_ide/bitstream/design_1_wrapper.bit
targets -set -nocase -filter {name =~"APU*"}
loadhw -hw E:/Vivado_prj/sdt_v1_ov5640_v2/sdk/plf/export/plf/hw/design_1_wrapper.xsa -mem-ranges [list {0x40000000 0xbfffffff}] -regs
configparams force-mem-access 1
targets -set -nocase -filter {name =~"APU*"}
source E:/Vivado_prj/sdt_v1_ov5640_v2/sdk/app/_ide/psinit/ps7_init.tcl
ps7_init
ps7_post_config
targets -set -nocase -filter {name =~ "*A9*#0"}
dow E:/Vivado_prj/sdt_v1_ov5640_v2/sdk/app/Debug/app.elf
configparams force-mem-access 0
----------------End of Script----------------

21:46:02 INFO  : Context for processor 'ps7_cortexa9_0' is selected.
21:46:02 INFO  : 'con' command is executed.
21:46:02 INFO  : ----------------XSDB Script (After Launch)----------------
targets -set -nocase -filter {name =~ "*A9*#0"}
con
----------------End of Script----------------

21:46:02 INFO  : Launch script is exported to file 'E:\Vivado_prj\sdt_v1_ov5640_v2\sdk\app_system\_ide\scripts\systemdebugger_app_system_standalone.tcl'
21:46:57 INFO  : Checking for BSP changes to sync application flags for project 'app'...
21:47:00 INFO  : Disconnected from the channel tcfchan#3.
21:47:00 INFO  : Connected to target on host '127.0.0.1' and port '3121'.
21:47:00 INFO  : Jtag cable 'Digilent JTAG-HS1 210512180081' is selected.
21:47:00 INFO  : 'jtag frequency' command is executed.
21:47:00 INFO  : Context for 'APU' is selected.
21:47:00 INFO  : System reset is completed.
21:47:03 INFO  : 'after 3000' command is executed.
21:47:03 INFO  : 'targets -set -filter {jtag_cable_name =~ "Digilent JTAG-HS1 210512180081" && level==0 && jtag_device_ctx=="jsn-JTAG-HS1-210512180081-23732093-0"}' command is executed.
21:47:06 INFO  : Device configured successfully with "E:/Vivado_prj/sdt_v1_ov5640_v2/sdk/app/_ide/bitstream/design_1_wrapper.bit"
21:47:06 INFO  : Context for 'APU' is selected.
21:47:06 INFO  : Hardware design and registers information is loaded from 'E:/Vivado_prj/sdt_v1_ov5640_v2/sdk/plf/export/plf/hw/design_1_wrapper.xsa'.
21:47:06 INFO  : 'configparams force-mem-access 1' command is executed.
21:47:06 INFO  : Context for 'APU' is selected.
21:47:06 INFO  : Sourcing of 'E:/Vivado_prj/sdt_v1_ov5640_v2/sdk/app/_ide/psinit/ps7_init.tcl' is done.
21:47:06 INFO  : 'ps7_init' command is executed.
21:47:06 INFO  : 'ps7_post_config' command is executed.
21:47:06 INFO  : Context for processor 'ps7_cortexa9_0' is selected.
21:47:10 INFO  : The application 'E:/Vivado_prj/sdt_v1_ov5640_v2/sdk/app/Debug/app.elf' is downloaded to processor 'ps7_cortexa9_0'.
21:47:10 INFO  : 'configparams force-mem-access 0' command is executed.
21:47:10 INFO  : ----------------XSDB Script----------------
connect -url tcp:127.0.0.1:3121
targets -set -nocase -filter {name =~"APU*"}
rst -system
after 3000
targets -set -filter {jtag_cable_name =~ "Digilent JTAG-HS1 210512180081" && level==0 && jtag_device_ctx=="jsn-JTAG-HS1-210512180081-23732093-0"}
fpga -file E:/Vivado_prj/sdt_v1_ov5640_v2/sdk/app/_ide/bitstream/design_1_wrapper.bit
targets -set -nocase -filter {name =~"APU*"}
loadhw -hw E:/Vivado_prj/sdt_v1_ov5640_v2/sdk/plf/export/plf/hw/design_1_wrapper.xsa -mem-ranges [list {0x40000000 0xbfffffff}] -regs
configparams force-mem-access 1
targets -set -nocase -filter {name =~"APU*"}
source E:/Vivado_prj/sdt_v1_ov5640_v2/sdk/app/_ide/psinit/ps7_init.tcl
ps7_init
ps7_post_config
targets -set -nocase -filter {name =~ "*A9*#0"}
dow E:/Vivado_prj/sdt_v1_ov5640_v2/sdk/app/Debug/app.elf
configparams force-mem-access 0
----------------End of Script----------------

21:47:10 INFO  : Context for processor 'ps7_cortexa9_0' is selected.
21:47:10 INFO  : 'con' command is executed.
21:47:10 INFO  : ----------------XSDB Script (After Launch)----------------
targets -set -nocase -filter {name =~ "*A9*#0"}
con
----------------End of Script----------------

21:47:10 INFO  : Launch script is exported to file 'E:\Vivado_prj\sdt_v1_ov5640_v2\sdk\app_system\_ide\scripts\systemdebugger_app_system_standalone.tcl'
21:48:47 INFO  : Checking for BSP changes to sync application flags for project 'app'...
21:49:29 INFO  : Checking for BSP changes to sync application flags for project 'app'...
21:49:32 INFO  : Disconnected from the channel tcfchan#4.
21:49:32 INFO  : Connected to target on host '127.0.0.1' and port '3121'.
21:49:32 INFO  : Jtag cable 'Digilent JTAG-HS1 210512180081' is selected.
21:49:32 INFO  : 'jtag frequency' command is executed.
21:49:32 INFO  : Context for 'APU' is selected.
21:49:32 INFO  : System reset is completed.
21:49:35 INFO  : 'after 3000' command is executed.
21:49:35 INFO  : 'targets -set -filter {jtag_cable_name =~ "Digilent JTAG-HS1 210512180081" && level==0 && jtag_device_ctx=="jsn-JTAG-HS1-210512180081-23732093-0"}' command is executed.
21:49:38 INFO  : Device configured successfully with "E:/Vivado_prj/sdt_v1_ov5640_v2/sdk/app/_ide/bitstream/design_1_wrapper.bit"
21:49:38 INFO  : Context for 'APU' is selected.
21:49:38 INFO  : Hardware design and registers information is loaded from 'E:/Vivado_prj/sdt_v1_ov5640_v2/sdk/plf/export/plf/hw/design_1_wrapper.xsa'.
21:49:38 INFO  : 'configparams force-mem-access 1' command is executed.
21:49:38 INFO  : Context for 'APU' is selected.
21:49:38 INFO  : Sourcing of 'E:/Vivado_prj/sdt_v1_ov5640_v2/sdk/app/_ide/psinit/ps7_init.tcl' is done.
21:49:38 INFO  : 'ps7_init' command is executed.
21:49:38 INFO  : 'ps7_post_config' command is executed.
21:49:38 INFO  : Context for processor 'ps7_cortexa9_0' is selected.
21:49:38 INFO  : The application 'E:/Vivado_prj/sdt_v1_ov5640_v2/sdk/app/Debug/app.elf' is downloaded to processor 'ps7_cortexa9_0'.
21:49:38 INFO  : 'configparams force-mem-access 0' command is executed.
21:49:38 INFO  : ----------------XSDB Script----------------
connect -url tcp:127.0.0.1:3121
targets -set -nocase -filter {name =~"APU*"}
rst -system
after 3000
targets -set -filter {jtag_cable_name =~ "Digilent JTAG-HS1 210512180081" && level==0 && jtag_device_ctx=="jsn-JTAG-HS1-210512180081-23732093-0"}
fpga -file E:/Vivado_prj/sdt_v1_ov5640_v2/sdk/app/_ide/bitstream/design_1_wrapper.bit
targets -set -nocase -filter {name =~"APU*"}
loadhw -hw E:/Vivado_prj/sdt_v1_ov5640_v2/sdk/plf/export/plf/hw/design_1_wrapper.xsa -mem-ranges [list {0x40000000 0xbfffffff}] -regs
configparams force-mem-access 1
targets -set -nocase -filter {name =~"APU*"}
source E:/Vivado_prj/sdt_v1_ov5640_v2/sdk/app/_ide/psinit/ps7_init.tcl
ps7_init
ps7_post_config
targets -set -nocase -filter {name =~ "*A9*#0"}
dow E:/Vivado_prj/sdt_v1_ov5640_v2/sdk/app/Debug/app.elf
configparams force-mem-access 0
----------------End of Script----------------

21:49:39 INFO  : Context for processor 'ps7_cortexa9_0' is selected.
21:49:39 INFO  : 'con' command is executed.
21:49:39 INFO  : ----------------XSDB Script (After Launch)----------------
targets -set -nocase -filter {name =~ "*A9*#0"}
con
----------------End of Script----------------

21:49:39 INFO  : Launch script is exported to file 'E:\Vivado_prj\sdt_v1_ov5640_v2\sdk\app_system\_ide\scripts\systemdebugger_app_system_standalone.tcl'
21:49:59 INFO  : Disconnected from the channel tcfchan#5.
21:49:59 INFO  : Connected to target on host '127.0.0.1' and port '3121'.
21:49:59 INFO  : Jtag cable 'Digilent JTAG-HS1 210512180081' is selected.
21:49:59 INFO  : 'jtag frequency' command is executed.
21:49:59 INFO  : Context for 'APU' is selected.
21:49:59 INFO  : System reset is completed.
21:50:02 INFO  : 'after 3000' command is executed.
21:50:02 INFO  : 'targets -set -filter {jtag_cable_name =~ "Digilent JTAG-HS1 210512180081" && level==0 && jtag_device_ctx=="jsn-JTAG-HS1-210512180081-23732093-0"}' command is executed.
21:50:05 INFO  : Device configured successfully with "E:/Vivado_prj/sdt_v1_ov5640_v2/sdk/app/_ide/bitstream/design_1_wrapper.bit"
21:50:05 INFO  : Context for 'APU' is selected.
21:50:05 INFO  : Hardware design and registers information is loaded from 'E:/Vivado_prj/sdt_v1_ov5640_v2/sdk/plf/export/plf/hw/design_1_wrapper.xsa'.
21:50:05 INFO  : 'configparams force-mem-access 1' command is executed.
21:50:05 INFO  : Context for 'APU' is selected.
21:50:05 INFO  : Sourcing of 'E:/Vivado_prj/sdt_v1_ov5640_v2/sdk/app/_ide/psinit/ps7_init.tcl' is done.
21:50:05 INFO  : 'ps7_init' command is executed.
21:50:05 INFO  : 'ps7_post_config' command is executed.
21:50:05 INFO  : Context for processor 'ps7_cortexa9_0' is selected.
21:50:05 INFO  : The application 'E:/Vivado_prj/sdt_v1_ov5640_v2/sdk/app/Debug/app.elf' is downloaded to processor 'ps7_cortexa9_0'.
21:50:05 INFO  : 'configparams force-mem-access 0' command is executed.
21:50:05 INFO  : ----------------XSDB Script----------------
connect -url tcp:127.0.0.1:3121
targets -set -nocase -filter {name =~"APU*"}
rst -system
after 3000
targets -set -filter {jtag_cable_name =~ "Digilent JTAG-HS1 210512180081" && level==0 && jtag_device_ctx=="jsn-JTAG-HS1-210512180081-23732093-0"}
fpga -file E:/Vivado_prj/sdt_v1_ov5640_v2/sdk/app/_ide/bitstream/design_1_wrapper.bit
targets -set -nocase -filter {name =~"APU*"}
loadhw -hw E:/Vivado_prj/sdt_v1_ov5640_v2/sdk/plf/export/plf/hw/design_1_wrapper.xsa -mem-ranges [list {0x40000000 0xbfffffff}] -regs
configparams force-mem-access 1
targets -set -nocase -filter {name =~"APU*"}
source E:/Vivado_prj/sdt_v1_ov5640_v2/sdk/app/_ide/psinit/ps7_init.tcl
ps7_init
ps7_post_config
targets -set -nocase -filter {name =~ "*A9*#0"}
dow E:/Vivado_prj/sdt_v1_ov5640_v2/sdk/app/Debug/app.elf
configparams force-mem-access 0
----------------End of Script----------------

21:50:05 INFO  : Context for processor 'ps7_cortexa9_0' is selected.
21:50:05 INFO  : 'con' command is executed.
21:50:05 INFO  : ----------------XSDB Script (After Launch)----------------
targets -set -nocase -filter {name =~ "*A9*#0"}
con
----------------End of Script----------------

21:50:05 INFO  : Launch script is exported to file 'E:\Vivado_prj\sdt_v1_ov5640_v2\sdk\app_system\_ide\scripts\systemdebugger_app_system_standalone.tcl'
21:51:04 INFO  : Checking for BSP changes to sync application flags for project 'app'...
21:51:05 INFO  : Disconnected from the channel tcfchan#6.
21:51:05 INFO  : Connected to target on host '127.0.0.1' and port '3121'.
21:51:05 INFO  : Jtag cable 'Digilent JTAG-HS1 210512180081' is selected.
21:51:05 INFO  : 'jtag frequency' command is executed.
21:51:05 INFO  : Context for 'APU' is selected.
21:51:05 INFO  : System reset is completed.
21:51:08 INFO  : 'after 3000' command is executed.
21:51:08 INFO  : 'targets -set -filter {jtag_cable_name =~ "Digilent JTAG-HS1 210512180081" && level==0 && jtag_device_ctx=="jsn-JTAG-HS1-210512180081-23732093-0"}' command is executed.
21:51:11 INFO  : Device configured successfully with "E:/Vivado_prj/sdt_v1_ov5640_v2/sdk/app/_ide/bitstream/design_1_wrapper.bit"
21:51:11 INFO  : Context for 'APU' is selected.
21:51:11 INFO  : Hardware design and registers information is loaded from 'E:/Vivado_prj/sdt_v1_ov5640_v2/sdk/plf/export/plf/hw/design_1_wrapper.xsa'.
21:51:11 INFO  : 'configparams force-mem-access 1' command is executed.
21:51:11 INFO  : Context for 'APU' is selected.
21:51:11 INFO  : Sourcing of 'E:/Vivado_prj/sdt_v1_ov5640_v2/sdk/app/_ide/psinit/ps7_init.tcl' is done.
21:51:12 INFO  : 'ps7_init' command is executed.
21:51:12 INFO  : 'ps7_post_config' command is executed.
21:51:12 INFO  : Context for processor 'ps7_cortexa9_0' is selected.
21:51:12 INFO  : The application 'E:/Vivado_prj/sdt_v1_ov5640_v2/sdk/app/Debug/app.elf' is downloaded to processor 'ps7_cortexa9_0'.
21:51:12 INFO  : 'configparams force-mem-access 0' command is executed.
21:51:12 INFO  : ----------------XSDB Script----------------
connect -url tcp:127.0.0.1:3121
targets -set -nocase -filter {name =~"APU*"}
rst -system
after 3000
targets -set -filter {jtag_cable_name =~ "Digilent JTAG-HS1 210512180081" && level==0 && jtag_device_ctx=="jsn-JTAG-HS1-210512180081-23732093-0"}
fpga -file E:/Vivado_prj/sdt_v1_ov5640_v2/sdk/app/_ide/bitstream/design_1_wrapper.bit
targets -set -nocase -filter {name =~"APU*"}
loadhw -hw E:/Vivado_prj/sdt_v1_ov5640_v2/sdk/plf/export/plf/hw/design_1_wrapper.xsa -mem-ranges [list {0x40000000 0xbfffffff}] -regs
configparams force-mem-access 1
targets -set -nocase -filter {name =~"APU*"}
source E:/Vivado_prj/sdt_v1_ov5640_v2/sdk/app/_ide/psinit/ps7_init.tcl
ps7_init
ps7_post_config
targets -set -nocase -filter {name =~ "*A9*#0"}
dow E:/Vivado_prj/sdt_v1_ov5640_v2/sdk/app/Debug/app.elf
configparams force-mem-access 0
----------------End of Script----------------

21:51:12 INFO  : Context for processor 'ps7_cortexa9_0' is selected.
21:51:12 INFO  : 'con' command is executed.
21:51:12 INFO  : ----------------XSDB Script (After Launch)----------------
targets -set -nocase -filter {name =~ "*A9*#0"}
con
----------------End of Script----------------

21:51:12 INFO  : Launch script is exported to file 'E:\Vivado_prj\sdt_v1_ov5640_v2\sdk\app_system\_ide\scripts\systemdebugger_app_system_standalone.tcl'
21:51:36 INFO  : Checking for BSP changes to sync application flags for project 'app'...
21:51:39 INFO  : Disconnected from the channel tcfchan#7.
21:51:39 INFO  : Connected to target on host '127.0.0.1' and port '3121'.
21:51:39 INFO  : Jtag cable 'Digilent JTAG-HS1 210512180081' is selected.
21:51:39 INFO  : 'jtag frequency' command is executed.
21:51:39 INFO  : Context for 'APU' is selected.
21:51:39 INFO  : System reset is completed.
21:51:42 INFO  : 'after 3000' command is executed.
21:51:42 INFO  : 'targets -set -filter {jtag_cable_name =~ "Digilent JTAG-HS1 210512180081" && level==0 && jtag_device_ctx=="jsn-JTAG-HS1-210512180081-23732093-0"}' command is executed.
21:51:45 INFO  : Device configured successfully with "E:/Vivado_prj/sdt_v1_ov5640_v2/sdk/app/_ide/bitstream/design_1_wrapper.bit"
21:51:45 INFO  : Context for 'APU' is selected.
21:51:45 INFO  : Hardware design and registers information is loaded from 'E:/Vivado_prj/sdt_v1_ov5640_v2/sdk/plf/export/plf/hw/design_1_wrapper.xsa'.
21:51:45 INFO  : 'configparams force-mem-access 1' command is executed.
21:51:45 INFO  : Context for 'APU' is selected.
21:51:45 INFO  : Sourcing of 'E:/Vivado_prj/sdt_v1_ov5640_v2/sdk/app/_ide/psinit/ps7_init.tcl' is done.
21:51:45 INFO  : 'ps7_init' command is executed.
21:51:45 INFO  : 'ps7_post_config' command is executed.
21:51:45 INFO  : Context for processor 'ps7_cortexa9_0' is selected.
21:51:45 INFO  : The application 'E:/Vivado_prj/sdt_v1_ov5640_v2/sdk/app/Debug/app.elf' is downloaded to processor 'ps7_cortexa9_0'.
21:51:45 INFO  : 'configparams force-mem-access 0' command is executed.
21:51:45 INFO  : ----------------XSDB Script----------------
connect -url tcp:127.0.0.1:3121
targets -set -nocase -filter {name =~"APU*"}
rst -system
after 3000
targets -set -filter {jtag_cable_name =~ "Digilent JTAG-HS1 210512180081" && level==0 && jtag_device_ctx=="jsn-JTAG-HS1-210512180081-23732093-0"}
fpga -file E:/Vivado_prj/sdt_v1_ov5640_v2/sdk/app/_ide/bitstream/design_1_wrapper.bit
targets -set -nocase -filter {name =~"APU*"}
loadhw -hw E:/Vivado_prj/sdt_v1_ov5640_v2/sdk/plf/export/plf/hw/design_1_wrapper.xsa -mem-ranges [list {0x40000000 0xbfffffff}] -regs
configparams force-mem-access 1
targets -set -nocase -filter {name =~"APU*"}
source E:/Vivado_prj/sdt_v1_ov5640_v2/sdk/app/_ide/psinit/ps7_init.tcl
ps7_init
ps7_post_config
targets -set -nocase -filter {name =~ "*A9*#0"}
dow E:/Vivado_prj/sdt_v1_ov5640_v2/sdk/app/Debug/app.elf
configparams force-mem-access 0
----------------End of Script----------------

21:51:45 INFO  : Context for processor 'ps7_cortexa9_0' is selected.
21:51:45 INFO  : 'con' command is executed.
21:51:45 INFO  : ----------------XSDB Script (After Launch)----------------
targets -set -nocase -filter {name =~ "*A9*#0"}
con
----------------End of Script----------------

21:51:45 INFO  : Launch script is exported to file 'E:\Vivado_prj\sdt_v1_ov5640_v2\sdk\app_system\_ide\scripts\systemdebugger_app_system_standalone.tcl'
21:55:58 INFO  : Checking for BSP changes to sync application flags for project 'app'...
21:56:00 INFO  : Disconnected from the channel tcfchan#8.
21:56:00 INFO  : Connected to target on host '127.0.0.1' and port '3121'.
21:56:00 INFO  : Jtag cable 'Digilent JTAG-HS1 210512180081' is selected.
21:56:00 INFO  : 'jtag frequency' command is executed.
21:56:00 INFO  : Context for 'APU' is selected.
21:56:00 INFO  : System reset is completed.
21:56:03 INFO  : 'after 3000' command is executed.
21:56:03 INFO  : 'targets -set -filter {jtag_cable_name =~ "Digilent JTAG-HS1 210512180081" && level==0 && jtag_device_ctx=="jsn-JTAG-HS1-210512180081-23732093-0"}' command is executed.
21:56:05 INFO  : Device configured successfully with "E:/Vivado_prj/sdt_v1_ov5640_v2/sdk/app/_ide/bitstream/design_1_wrapper.bit"
21:56:06 INFO  : Context for 'APU' is selected.
21:56:06 INFO  : Hardware design and registers information is loaded from 'E:/Vivado_prj/sdt_v1_ov5640_v2/sdk/plf/export/plf/hw/design_1_wrapper.xsa'.
21:56:06 INFO  : 'configparams force-mem-access 1' command is executed.
21:56:06 INFO  : Context for 'APU' is selected.
21:56:06 INFO  : Sourcing of 'E:/Vivado_prj/sdt_v1_ov5640_v2/sdk/app/_ide/psinit/ps7_init.tcl' is done.
21:56:06 INFO  : 'ps7_init' command is executed.
21:56:06 INFO  : 'ps7_post_config' command is executed.
21:56:06 INFO  : Context for processor 'ps7_cortexa9_0' is selected.
21:56:06 INFO  : The application 'E:/Vivado_prj/sdt_v1_ov5640_v2/sdk/app/Debug/app.elf' is downloaded to processor 'ps7_cortexa9_0'.
21:56:06 INFO  : 'configparams force-mem-access 0' command is executed.
21:56:06 INFO  : ----------------XSDB Script----------------
connect -url tcp:127.0.0.1:3121
targets -set -nocase -filter {name =~"APU*"}
rst -system
after 3000
targets -set -filter {jtag_cable_name =~ "Digilent JTAG-HS1 210512180081" && level==0 && jtag_device_ctx=="jsn-JTAG-HS1-210512180081-23732093-0"}
fpga -file E:/Vivado_prj/sdt_v1_ov5640_v2/sdk/app/_ide/bitstream/design_1_wrapper.bit
targets -set -nocase -filter {name =~"APU*"}
loadhw -hw E:/Vivado_prj/sdt_v1_ov5640_v2/sdk/plf/export/plf/hw/design_1_wrapper.xsa -mem-ranges [list {0x40000000 0xbfffffff}] -regs
configparams force-mem-access 1
targets -set -nocase -filter {name =~"APU*"}
source E:/Vivado_prj/sdt_v1_ov5640_v2/sdk/app/_ide/psinit/ps7_init.tcl
ps7_init
ps7_post_config
targets -set -nocase -filter {name =~ "*A9*#0"}
dow E:/Vivado_prj/sdt_v1_ov5640_v2/sdk/app/Debug/app.elf
configparams force-mem-access 0
----------------End of Script----------------

21:56:06 INFO  : Context for processor 'ps7_cortexa9_0' is selected.
21:56:06 INFO  : 'con' command is executed.
21:56:06 INFO  : ----------------XSDB Script (After Launch)----------------
targets -set -nocase -filter {name =~ "*A9*#0"}
con
----------------End of Script----------------

21:56:06 INFO  : Launch script is exported to file 'E:\Vivado_prj\sdt_v1_ov5640_v2\sdk\app_system\_ide\scripts\systemdebugger_app_system_standalone.tcl'
22:03:54 INFO  : Hardware specification for platform project 'plf' is updated.
22:05:36 INFO  : Result from executing command 'getProjects': plf
22:05:36 INFO  : Result from executing command 'getPlatforms': plf|E:/Vivado_prj/sdt_v1_ov5640_v2/sdk/plf/export/plf/plf.xpfm
22:05:36 INFO  : Checking for BSP changes to sync application flags for project 'app'...
22:05:38 INFO  : Disconnected from the channel tcfchan#9.
22:05:38 INFO  : The hardware specification used by project 'app' is out of sync with the platform. Resource files extracted from the hardware specification will be updated.
22:05:38 INFO  : The file 'E:\Vivado_prj\sdt_v1_ov5640_v2\sdk\app\_ide\bitstream\design_1_wrapper.bit' stored in project is removed.
22:05:38 INFO  : The updated bitstream files are copied from platform to folder 'E:\Vivado_prj\sdt_v1_ov5640_v2\sdk\app\_ide\bitstream' in project 'app'.
22:05:38 INFO  : The file 'E:\Vivado_prj\sdt_v1_ov5640_v2\sdk\app\_ide\psinit\ps7_init.tcl' stored in project is removed.
22:05:41 INFO  : The updated ps init files are copied from platform to folder 'E:\Vivado_prj\sdt_v1_ov5640_v2\sdk\app\_ide\psinit' in project 'app'.
22:05:41 INFO  : Connected to target on host '127.0.0.1' and port '3121'.
22:05:41 INFO  : Jtag cable 'Digilent JTAG-HS1 210512180081' is selected.
22:05:41 INFO  : 'jtag frequency' command is executed.
22:05:41 INFO  : Context for 'APU' is selected.
22:05:41 INFO  : System reset is completed.
22:05:44 INFO  : 'after 3000' command is executed.
22:05:44 INFO  : 'targets -set -filter {jtag_cable_name =~ "Digilent JTAG-HS1 210512180081" && level==0 && jtag_device_ctx=="jsn-JTAG-HS1-210512180081-23732093-0"}' command is executed.
22:05:47 INFO  : Device configured successfully with "E:/Vivado_prj/sdt_v1_ov5640_v2/sdk/app/_ide/bitstream/design_1_wrapper.bit"
22:05:47 INFO  : Context for 'APU' is selected.
22:05:47 INFO  : Hardware design and registers information is loaded from 'E:/Vivado_prj/sdt_v1_ov5640_v2/sdk/plf/export/plf/hw/design_1_wrapper.xsa'.
22:05:47 INFO  : 'configparams force-mem-access 1' command is executed.
22:05:47 INFO  : Context for 'APU' is selected.
22:05:47 INFO  : Sourcing of 'E:/Vivado_prj/sdt_v1_ov5640_v2/sdk/app/_ide/psinit/ps7_init.tcl' is done.
22:05:47 INFO  : 'ps7_init' command is executed.
22:05:47 INFO  : 'ps7_post_config' command is executed.
22:05:47 INFO  : Context for processor 'ps7_cortexa9_0' is selected.
22:05:48 INFO  : The application 'E:/Vivado_prj/sdt_v1_ov5640_v2/sdk/app/Debug/app.elf' is downloaded to processor 'ps7_cortexa9_0'.
22:05:48 INFO  : 'configparams force-mem-access 0' command is executed.
22:05:48 INFO  : ----------------XSDB Script----------------
connect -url tcp:127.0.0.1:3121
targets -set -nocase -filter {name =~"APU*"}
rst -system
after 3000
targets -set -filter {jtag_cable_name =~ "Digilent JTAG-HS1 210512180081" && level==0 && jtag_device_ctx=="jsn-JTAG-HS1-210512180081-23732093-0"}
fpga -file E:/Vivado_prj/sdt_v1_ov5640_v2/sdk/app/_ide/bitstream/design_1_wrapper.bit
targets -set -nocase -filter {name =~"APU*"}
loadhw -hw E:/Vivado_prj/sdt_v1_ov5640_v2/sdk/plf/export/plf/hw/design_1_wrapper.xsa -mem-ranges [list {0x40000000 0xbfffffff}] -regs
configparams force-mem-access 1
targets -set -nocase -filter {name =~"APU*"}
source E:/Vivado_prj/sdt_v1_ov5640_v2/sdk/app/_ide/psinit/ps7_init.tcl
ps7_init
ps7_post_config
targets -set -nocase -filter {name =~ "*A9*#0"}
dow E:/Vivado_prj/sdt_v1_ov5640_v2/sdk/app/Debug/app.elf
configparams force-mem-access 0
----------------End of Script----------------

22:05:48 INFO  : Context for processor 'ps7_cortexa9_0' is selected.
22:05:48 INFO  : 'con' command is executed.
22:05:48 INFO  : ----------------XSDB Script (After Launch)----------------
targets -set -nocase -filter {name =~ "*A9*#0"}
con
----------------End of Script----------------

22:05:48 INFO  : Launch script is exported to file 'E:\Vivado_prj\sdt_v1_ov5640_v2\sdk\app_system\_ide\scripts\systemdebugger_app_system_standalone.tcl'
22:44:57 INFO  : Checking for BSP changes to sync application flags for project 'app'...
22:44:59 INFO  : Disconnected from the channel tcfchan#11.
22:44:59 INFO  : Connected to target on host '127.0.0.1' and port '3121'.
22:44:59 INFO  : Jtag cable 'Digilent JTAG-HS1 210512180081' is selected.
22:44:59 INFO  : 'jtag frequency' command is executed.
22:44:59 INFO  : Context for 'APU' is selected.
22:44:59 INFO  : System reset is completed.
22:45:02 INFO  : 'after 3000' command is executed.
22:45:02 INFO  : 'targets -set -filter {jtag_cable_name =~ "Digilent JTAG-HS1 210512180081" && level==0 && jtag_device_ctx=="jsn-JTAG-HS1-210512180081-23732093-0"}' command is executed.
22:45:05 INFO  : Device configured successfully with "E:/Vivado_prj/sdt_v1_ov5640_v2/sdk/app/_ide/bitstream/design_1_wrapper.bit"
22:45:05 INFO  : Context for 'APU' is selected.
22:45:05 INFO  : Hardware design and registers information is loaded from 'E:/Vivado_prj/sdt_v1_ov5640_v2/sdk/plf/export/plf/hw/design_1_wrapper.xsa'.
22:45:05 INFO  : 'configparams force-mem-access 1' command is executed.
22:45:05 INFO  : Context for 'APU' is selected.
22:45:05 INFO  : Sourcing of 'E:/Vivado_prj/sdt_v1_ov5640_v2/sdk/app/_ide/psinit/ps7_init.tcl' is done.
22:45:05 INFO  : 'ps7_init' command is executed.
22:45:05 INFO  : 'ps7_post_config' command is executed.
22:45:05 INFO  : Context for processor 'ps7_cortexa9_0' is selected.
22:45:06 INFO  : The application 'E:/Vivado_prj/sdt_v1_ov5640_v2/sdk/app/Debug/app.elf' is downloaded to processor 'ps7_cortexa9_0'.
22:45:06 INFO  : 'configparams force-mem-access 0' command is executed.
22:45:06 INFO  : ----------------XSDB Script----------------
connect -url tcp:127.0.0.1:3121
targets -set -nocase -filter {name =~"APU*"}
rst -system
after 3000
targets -set -filter {jtag_cable_name =~ "Digilent JTAG-HS1 210512180081" && level==0 && jtag_device_ctx=="jsn-JTAG-HS1-210512180081-23732093-0"}
fpga -file E:/Vivado_prj/sdt_v1_ov5640_v2/sdk/app/_ide/bitstream/design_1_wrapper.bit
targets -set -nocase -filter {name =~"APU*"}
loadhw -hw E:/Vivado_prj/sdt_v1_ov5640_v2/sdk/plf/export/plf/hw/design_1_wrapper.xsa -mem-ranges [list {0x40000000 0xbfffffff}] -regs
configparams force-mem-access 1
targets -set -nocase -filter {name =~"APU*"}
source E:/Vivado_prj/sdt_v1_ov5640_v2/sdk/app/_ide/psinit/ps7_init.tcl
ps7_init
ps7_post_config
targets -set -nocase -filter {name =~ "*A9*#0"}
dow E:/Vivado_prj/sdt_v1_ov5640_v2/sdk/app/Debug/app.elf
configparams force-mem-access 0
----------------End of Script----------------

22:45:06 INFO  : Context for processor 'ps7_cortexa9_0' is selected.
22:45:06 INFO  : 'con' command is executed.
22:45:06 INFO  : ----------------XSDB Script (After Launch)----------------
targets -set -nocase -filter {name =~ "*A9*#0"}
con
----------------End of Script----------------

22:45:06 INFO  : Launch script is exported to file 'E:\Vivado_prj\sdt_v1_ov5640_v2\sdk\app_system\_ide\scripts\systemdebugger_app_system_standalone.tcl'
22:45:55 INFO  : Checking for BSP changes to sync application flags for project 'app'...
22:45:56 INFO  : Disconnected from the channel tcfchan#12.
22:45:56 INFO  : Connected to target on host '127.0.0.1' and port '3121'.
22:45:56 INFO  : Jtag cable 'Digilent JTAG-HS1 210512180081' is selected.
22:45:56 INFO  : 'jtag frequency' command is executed.
22:45:56 INFO  : Context for 'APU' is selected.
22:45:56 INFO  : System reset is completed.
22:45:59 INFO  : 'after 3000' command is executed.
22:45:59 INFO  : 'targets -set -filter {jtag_cable_name =~ "Digilent JTAG-HS1 210512180081" && level==0 && jtag_device_ctx=="jsn-JTAG-HS1-210512180081-23732093-0"}' command is executed.
22:46:02 INFO  : Device configured successfully with "E:/Vivado_prj/sdt_v1_ov5640_v2/sdk/app/_ide/bitstream/design_1_wrapper.bit"
22:46:02 INFO  : Context for 'APU' is selected.
22:46:02 INFO  : Hardware design and registers information is loaded from 'E:/Vivado_prj/sdt_v1_ov5640_v2/sdk/plf/export/plf/hw/design_1_wrapper.xsa'.
22:46:02 INFO  : 'configparams force-mem-access 1' command is executed.
22:46:02 INFO  : Context for 'APU' is selected.
22:46:02 INFO  : Sourcing of 'E:/Vivado_prj/sdt_v1_ov5640_v2/sdk/app/_ide/psinit/ps7_init.tcl' is done.
22:46:02 INFO  : 'ps7_init' command is executed.
22:46:02 INFO  : 'ps7_post_config' command is executed.
22:46:02 INFO  : Context for processor 'ps7_cortexa9_0' is selected.
22:46:03 INFO  : The application 'E:/Vivado_prj/sdt_v1_ov5640_v2/sdk/app/Debug/app.elf' is downloaded to processor 'ps7_cortexa9_0'.
22:46:03 INFO  : 'configparams force-mem-access 0' command is executed.
22:46:03 INFO  : ----------------XSDB Script----------------
connect -url tcp:127.0.0.1:3121
targets -set -nocase -filter {name =~"APU*"}
rst -system
after 3000
targets -set -filter {jtag_cable_name =~ "Digilent JTAG-HS1 210512180081" && level==0 && jtag_device_ctx=="jsn-JTAG-HS1-210512180081-23732093-0"}
fpga -file E:/Vivado_prj/sdt_v1_ov5640_v2/sdk/app/_ide/bitstream/design_1_wrapper.bit
targets -set -nocase -filter {name =~"APU*"}
loadhw -hw E:/Vivado_prj/sdt_v1_ov5640_v2/sdk/plf/export/plf/hw/design_1_wrapper.xsa -mem-ranges [list {0x40000000 0xbfffffff}] -regs
configparams force-mem-access 1
targets -set -nocase -filter {name =~"APU*"}
source E:/Vivado_prj/sdt_v1_ov5640_v2/sdk/app/_ide/psinit/ps7_init.tcl
ps7_init
ps7_post_config
targets -set -nocase -filter {name =~ "*A9*#0"}
dow E:/Vivado_prj/sdt_v1_ov5640_v2/sdk/app/Debug/app.elf
configparams force-mem-access 0
----------------End of Script----------------

22:46:03 INFO  : Context for processor 'ps7_cortexa9_0' is selected.
22:46:03 INFO  : 'con' command is executed.
22:46:03 INFO  : ----------------XSDB Script (After Launch)----------------
targets -set -nocase -filter {name =~ "*A9*#0"}
con
----------------End of Script----------------

22:46:03 INFO  : Launch script is exported to file 'E:\Vivado_prj\sdt_v1_ov5640_v2\sdk\app_system\_ide\scripts\systemdebugger_app_system_standalone.tcl'
22:47:36 INFO  : Disconnected from the channel tcfchan#13.
